{"level":"info","message":"Listening on port 3000...","timestamp":"2021-04-13T11:47:14.318Z"}
{"level":"info","message":"Connected to MongoDB...","timestamp":"2021-04-13T11:47:14.352Z"}
{"level":"info","message":"Listening on port 3000...","timestamp":"2021-08-05T07:50:35.648Z"}
{"level":"info","message":"Connected to mongodb://localhost/test...","timestamp":"2021-08-05T07:50:35.697Z"}
{"level":"info","message":"Listening on port 3000...","timestamp":"2021-08-05T07:51:12.823Z"}
{"level":"info","message":"Connected to mongodb://localhost/test...","timestamp":"2021-08-05T07:51:12.910Z"}
{"level":"info","message":"Listening on port 3000...","timestamp":"2021-08-05T07:54:57.751Z"}
{"level":"info","message":"Connected to mongodb://localhost/test...","timestamp":"2021-08-05T07:54:57.789Z"}
{"level":"info","message":"Listening on port 3000...","timestamp":"2021-08-05T07:55:30.849Z"}
{"level":"info","message":"Connected to mongodb://localhost/test...","timestamp":"2021-08-05T07:55:30.906Z"}
{"level":"info","message":"Listening on port 3000...","timestamp":"2021-08-05T07:55:53.839Z"}
{"level":"info","message":"Connected to mongodb://localhost/test...","timestamp":"2021-08-05T07:55:53.886Z"}
{"level":"info","message":"Listening on port 3000...","timestamp":"2021-08-05T07:56:08.291Z"}
{"level":"info","message":"Connected to mongodb://localhost/test...","timestamp":"2021-08-05T07:56:08.342Z"}
{"level":"info","message":"Listening on port 3000...","timestamp":"2021-08-05T07:57:10.671Z"}
{"level":"info","message":"Connected to mongodb://localhost/test...","timestamp":"2021-08-05T07:57:10.712Z"}
{"level":"info","message":"Listening on port 3000...","timestamp":"2021-08-05T07:58:09.540Z"}
{"level":"info","message":"Connected to mongodb://localhost/test...","timestamp":"2021-08-05T07:58:09.585Z"}
{"message":"Unexpected token - in JSON at position 0","stack":"SyntaxError: Unexpected token - in JSON at position 0\n    at JSON.parse (<anonymous>)\n    at createStrictSyntaxError (C:\\Users\\HP\\Desktop\\SHADY_\\node patie 0\\node_modules\\body-parser\\lib\\types\\json.js:158:10)\n    at parse (C:\\Users\\HP\\Desktop\\SHADY_\\node patie 0\\node_modules\\body-parser\\lib\\types\\json.js:83:15)\n    at C:\\Users\\HP\\Desktop\\SHADY_\\node patie 0\\node_modules\\body-parser\\lib\\read.js:121:18\n    at invokeCallback (C:\\Users\\HP\\Desktop\\SHADY_\\node patie 0\\node_modules\\raw-body\\index.js:224:16)\n    at done (C:\\Users\\HP\\Desktop\\SHADY_\\node patie 0\\node_modules\\raw-body\\index.js:213:7)\n    at IncomingMessage.onEnd (C:\\Users\\HP\\Desktop\\SHADY_\\node patie 0\\node_modules\\raw-body\\index.js:273:7)\n    at IncomingMessage.emit (events.js:327:22)\n    at endReadableNT (internal/streams/readable.js:1327:12)\n    at processTicksAndRejections (internal/process/task_queues.js:80:21)","expose":true,"statusCode":400,"status":400,"body":"------WebKitFormBoundaryJutWAzLmcztjPHOD\r\nContent-Disposition: form-data; name=\"username\"\r\n\r\nchadi1\r\n------WebKitFormBoundaryJutWAzLmcztjPHOD\r\nContent-Disposition: form-data; name=\"email\"\r\n\r\nchadi@gmail.com\r\n------WebKitFormBoundaryJutWAzLmcztjPHOD\r\nContent-Disposition: form-data; name=\"password\"\r\n\r\n12345\r\n------WebKitFormBoundaryJutWAzLmcztjPHOD--\r\n","type":"entity.parse.failed","level":"error","timestamp":"2021-08-05T08:04:01.277Z"}
{"level":"info","message":"Listening on port 3000...","timestamp":"2021-08-05T08:05:37.712Z"}
{"level":"info","message":"Connected to mongodb://localhost/test...","timestamp":"2021-08-05T08:05:37.771Z"}
{"message":"Unexpected token - in JSON at position 0","stack":"SyntaxError: Unexpected token - in JSON at position 0\n    at JSON.parse (<anonymous>)\n    at createStrictSyntaxError (C:\\Users\\HP\\Desktop\\SHADY_\\node patie 0\\node_modules\\body-parser\\lib\\types\\json.js:158:10)\n    at parse (C:\\Users\\HP\\Desktop\\SHADY_\\node patie 0\\node_modules\\body-parser\\lib\\types\\json.js:83:15)\n    at C:\\Users\\HP\\Desktop\\SHADY_\\node patie 0\\node_modules\\body-parser\\lib\\read.js:121:18\n    at invokeCallback (C:\\Users\\HP\\Desktop\\SHADY_\\node patie 0\\node_modules\\raw-body\\index.js:224:16)\n    at done (C:\\Users\\HP\\Desktop\\SHADY_\\node patie 0\\node_modules\\raw-body\\index.js:213:7)\n    at IncomingMessage.onEnd (C:\\Users\\HP\\Desktop\\SHADY_\\node patie 0\\node_modules\\raw-body\\index.js:273:7)\n    at IncomingMessage.emit (events.js:327:22)\n    at endReadableNT (internal/streams/readable.js:1327:12)\n    at processTicksAndRejections (internal/process/task_queues.js:80:21)","expose":true,"statusCode":400,"status":400,"body":"------WebKitFormBoundaryDE525tSx4HlCC0Sp\r\nContent-Disposition: form-data; name=\"username\"\r\n\r\nchadi1\r\n------WebKitFormBoundaryDE525tSx4HlCC0Sp\r\nContent-Disposition: form-data; name=\"email\"\r\n\r\nchadi@gmail.com\r\n------WebKitFormBoundaryDE525tSx4HlCC0Sp\r\nContent-Disposition: form-data; name=\"password\"\r\n\r\n12345\r\n------WebKitFormBoundaryDE525tSx4HlCC0Sp--\r\n","type":"entity.parse.failed","level":"error","timestamp":"2021-08-05T08:05:39.824Z"}
{"level":"info","message":"Listening on port 3000...","timestamp":"2021-08-05T08:06:15.707Z"}
{"level":"info","message":"Connected to mongodb://localhost/test...","timestamp":"2021-08-05T08:06:15.742Z"}
{"level":"info","message":"Listening on port 3000...","timestamp":"2021-08-05T08:07:42.900Z"}
{"level":"info","message":"Connected to mongodb://localhost/test...","timestamp":"2021-08-05T08:07:42.946Z"}
{"message":"Unexpected token - in JSON at position 0","stack":"SyntaxError: Unexpected token - in JSON at position 0\n    at JSON.parse (<anonymous>)\n    at createStrictSyntaxError (C:\\Users\\HP\\Desktop\\SHADY_\\node patie 0\\node_modules\\body-parser\\lib\\types\\json.js:158:10)\n    at parse (C:\\Users\\HP\\Desktop\\SHADY_\\node patie 0\\node_modules\\body-parser\\lib\\types\\json.js:83:15)\n    at C:\\Users\\HP\\Desktop\\SHADY_\\node patie 0\\node_modules\\body-parser\\lib\\read.js:121:18\n    at invokeCallback (C:\\Users\\HP\\Desktop\\SHADY_\\node patie 0\\node_modules\\raw-body\\index.js:224:16)\n    at done (C:\\Users\\HP\\Desktop\\SHADY_\\node patie 0\\node_modules\\raw-body\\index.js:213:7)\n    at IncomingMessage.onEnd (C:\\Users\\HP\\Desktop\\SHADY_\\node patie 0\\node_modules\\raw-body\\index.js:273:7)\n    at IncomingMessage.emit (events.js:327:22)\n    at endReadableNT (internal/streams/readable.js:1327:12)\n    at processTicksAndRejections (internal/process/task_queues.js:80:21)","expose":true,"statusCode":400,"status":400,"body":"------WebKitFormBoundaryqJkjNkBgXC5yKCo6\r\nContent-Disposition: form-data; name=\"username\"\r\n\r\nchadi1\r\n------WebKitFormBoundaryqJkjNkBgXC5yKCo6\r\nContent-Disposition: form-data; name=\"email\"\r\n\r\nchadi@gmail.com\r\n------WebKitFormBoundaryqJkjNkBgXC5yKCo6\r\nContent-Disposition: form-data; name=\"password\"\r\n\r\n12345\r\n------WebKitFormBoundaryqJkjNkBgXC5yKCo6--\r\n","type":"entity.parse.failed","level":"error","timestamp":"2021-08-05T08:07:43.647Z"}
{"level":"info","message":"Listening on port 3000...","timestamp":"2021-08-05T08:09:48.371Z"}
{"level":"info","message":"Connected to mongodb://localhost/test...","timestamp":"2021-08-05T08:09:48.410Z"}
{"level":"info","message":"Listening on port 3000...","timestamp":"2021-08-05T08:10:39.584Z"}
{"level":"info","message":"Connected to mongodb://localhost/test...","timestamp":"2021-08-05T08:10:39.640Z"}
{"level":"info","message":"Listening on port 3000...","timestamp":"2021-08-05T08:10:54.346Z"}
{"level":"info","message":"Connected to mongodb://localhost/test...","timestamp":"2021-08-05T08:10:54.410Z"}
{"level":"info","message":"Listening on port 3000...","timestamp":"2021-08-05T08:11:36.677Z"}
{"level":"info","message":"Connected to mongodb://localhost/test...","timestamp":"2021-08-05T08:11:36.745Z"}
{"level":"info","message":"Listening on port 3000...","timestamp":"2021-08-05T08:11:51.772Z"}
{"level":"info","message":"Connected to mongodb://localhost/test...","timestamp":"2021-08-05T08:11:51.816Z"}
{"level":"info","message":"Listening on port 3000...","timestamp":"2021-08-05T08:13:08.225Z"}
{"level":"info","message":"Connected to mongodb://localhost/test...","timestamp":"2021-08-05T08:13:08.267Z"}
{"level":"info","message":"Listening on port 3000...","timestamp":"2021-08-05T08:13:42.550Z"}
{"level":"info","message":"Connected to mongodb://localhost/test...","timestamp":"2021-08-05T08:13:42.599Z"}
{"level":"info","message":"Listening on port 3000...","timestamp":"2021-08-05T12:47:41.920Z"}
{"level":"info","message":"Connected to mongodb://localhost/test...","timestamp":"2021-08-05T12:47:41.994Z"}
{"level":"info","message":"Listening on port 3000...","timestamp":"2021-08-05T13:08:15.521Z"}
{"level":"info","message":"Connected to mongodb://localhost/test...","timestamp":"2021-08-05T13:08:15.583Z"}
{"level":"info","message":"Listening on port 3000...","timestamp":"2021-08-05T13:10:19.630Z"}
{"level":"info","message":"Connected to mongodb://localhost/test...","timestamp":"2021-08-05T13:10:19.672Z"}
{"level":"info","message":"Listening on port 3000...","timestamp":"2021-08-05T13:12:57.553Z"}
{"level":"info","message":"Connected to mongodb://localhost/test...","timestamp":"2021-08-05T13:12:57.662Z"}
{"message":"News is not defined","stack":"ReferenceError: News is not defined\n    at C:\\Users\\HP\\Desktop\\SHADY_\\node patie 0\\routes\\voiture.js:36:21\n    at C:\\Users\\HP\\Desktop\\SHADY_\\node patie 0\\middleware\\async.js:4:15\n    at Layer.handle [as handle_request] (C:\\Users\\HP\\Desktop\\SHADY_\\node patie 0\\node_modules\\express\\lib\\router\\layer.js:95:5)\n    at next (C:\\Users\\HP\\Desktop\\SHADY_\\node patie 0\\node_modules\\express\\lib\\router\\route.js:137:13)\n    at Route.dispatch (C:\\Users\\HP\\Desktop\\SHADY_\\node patie 0\\node_modules\\express\\lib\\router\\route.js:112:3)\n    at Layer.handle [as handle_request] (C:\\Users\\HP\\Desktop\\SHADY_\\node patie 0\\node_modules\\express\\lib\\router\\layer.js:95:5)\n    at C:\\Users\\HP\\Desktop\\SHADY_\\node patie 0\\node_modules\\express\\lib\\router\\index.js:281:22\n    at Function.process_params (C:\\Users\\HP\\Desktop\\SHADY_\\node patie 0\\node_modules\\express\\lib\\router\\index.js:335:12)\n    at next (C:\\Users\\HP\\Desktop\\SHADY_\\node patie 0\\node_modules\\express\\lib\\router\\index.js:275:10)\n    at Function.handle (C:\\Users\\HP\\Desktop\\SHADY_\\node patie 0\\node_modules\\express\\lib\\router\\index.js:174:3)\n    at router (C:\\Users\\HP\\Desktop\\SHADY_\\node patie 0\\node_modules\\express\\lib\\router\\index.js:47:12)\n    at Layer.handle [as handle_request] (C:\\Users\\HP\\Desktop\\SHADY_\\node patie 0\\node_modules\\express\\lib\\router\\layer.js:95:5)\n    at trim_prefix (C:\\Users\\HP\\Desktop\\SHADY_\\node patie 0\\node_modules\\express\\lib\\router\\index.js:317:13)\n    at C:\\Users\\HP\\Desktop\\SHADY_\\node patie 0\\node_modules\\express\\lib\\router\\index.js:284:7\n    at Function.process_params (C:\\Users\\HP\\Desktop\\SHADY_\\node patie 0\\node_modules\\express\\lib\\router\\index.js:335:12)\n    at next (C:\\Users\\HP\\Desktop\\SHADY_\\node patie 0\\node_modules\\express\\lib\\router\\index.js:275:10)","level":"error","timestamp":"2021-08-05T13:14:30.362Z"}
{"level":"info","message":"Listening on port 3000...","timestamp":"2021-08-05T13:14:50.346Z"}
{"level":"info","message":"Connected to mongodb://localhost/test...","timestamp":"2021-08-05T13:14:50.385Z"}
{"level":"info","message":"Listening on port 3000...","timestamp":"2021-08-05T13:15:21.629Z"}
{"level":"info","message":"Connected to mongodb://localhost/test...","timestamp":"2021-08-05T13:15:21.664Z"}
{"message":"E11000 duplicate key error collection: test.voitures index: user.email_1 dup key: { user.email: null }","stack":"MongoError: E11000 duplicate key error collection: test.voitures index: user.email_1 dup key: { user.email: null }\n    at Function.create (C:\\Users\\HP\\Desktop\\SHADY_\\node patie 0\\node_modules\\mongoose\\node_modules\\mongodb\\lib\\core\\error.js:57:12)\n    at toError (C:\\Users\\HP\\Desktop\\SHADY_\\node patie 0\\node_modules\\mongoose\\node_modules\\mongodb\\lib\\utils.js:123:22)\n    at C:\\Users\\HP\\Desktop\\SHADY_\\node patie 0\\node_modules\\mongoose\\node_modules\\mongodb\\lib\\operations\\common_functions.js:258:39\n    at handler (C:\\Users\\HP\\Desktop\\SHADY_\\node patie 0\\node_modules\\mongoose\\node_modules\\mongodb\\lib\\core\\sdam\\topology.js:944:24)\n    at C:\\Users\\HP\\Desktop\\SHADY_\\node patie 0\\node_modules\\mongoose\\node_modules\\mongodb\\lib\\cmap\\connection_pool.js:350:13\n    at handleOperationResult (C:\\Users\\HP\\Desktop\\SHADY_\\node patie 0\\node_modules\\mongoose\\node_modules\\mongodb\\lib\\core\\sdam\\server.js:558:5)\n    at MessageStream.messageHandler (C:\\Users\\HP\\Desktop\\SHADY_\\node patie 0\\node_modules\\mongoose\\node_modules\\mongodb\\lib\\cmap\\connection.js:277:5)\n    at MessageStream.emit (events.js:315:20)\n    at processIncomingData (C:\\Users\\HP\\Desktop\\SHADY_\\node patie 0\\node_modules\\mongoose\\node_modules\\mongodb\\lib\\cmap\\message_stream.js:144:12)\n    at MessageStream._write (C:\\Users\\HP\\Desktop\\SHADY_\\node patie 0\\node_modules\\mongoose\\node_modules\\mongodb\\lib\\cmap\\message_stream.js:42:5)\n    at writeOrBuffer (internal/streams/writable.js:358:12)\n    at MessageStream.Writable.write (internal/streams/writable.js:303:10)\n    at Socket.ondata (internal/streams/readable.js:719:22)\n    at Socket.emit (events.js:315:20)\n    at addChunk (internal/streams/readable.js:309:12)\n    at readableAddChunk (internal/streams/readable.js:284:9)","driver":true,"name":"MongoError","index":0,"code":11000,"keyPattern":{"user.email":1},"keyValue":{"user.email":null},"level":"error","timestamp":"2021-08-05T13:15:37.975Z"}
{"level":"info","message":"Listening on port 3000...","timestamp":"2021-08-05T13:16:18.217Z"}
{"level":"info","message":"Connected to mongodb://localhost/test...","timestamp":"2021-08-05T13:16:18.281Z"}
{"level":"info","message":"Listening on port 3000...","timestamp":"2021-08-05T13:16:29.366Z"}
{"level":"info","message":"Connected to mongodb://localhost/test...","timestamp":"2021-08-05T13:16:29.409Z"}
{"level":"info","message":"Listening on port 3000...","timestamp":"2021-08-05T13:16:35.232Z"}
{"level":"info","message":"Connected to mongodb://localhost/test...","timestamp":"2021-08-05T13:16:35.298Z"}
{"message":"E11000 duplicate key error collection: test.voitures index: user.email_1 dup key: { user.email: null }","stack":"MongoError: E11000 duplicate key error collection: test.voitures index: user.email_1 dup key: { user.email: null }\n    at Function.create (C:\\Users\\HP\\Desktop\\SHADY_\\node patie 0\\node_modules\\mongoose\\node_modules\\mongodb\\lib\\core\\error.js:57:12)\n    at toError (C:\\Users\\HP\\Desktop\\SHADY_\\node patie 0\\node_modules\\mongoose\\node_modules\\mongodb\\lib\\utils.js:123:22)\n    at C:\\Users\\HP\\Desktop\\SHADY_\\node patie 0\\node_modules\\mongoose\\node_modules\\mongodb\\lib\\operations\\common_functions.js:258:39\n    at handler (C:\\Users\\HP\\Desktop\\SHADY_\\node patie 0\\node_modules\\mongoose\\node_modules\\mongodb\\lib\\core\\sdam\\topology.js:944:24)\n    at C:\\Users\\HP\\Desktop\\SHADY_\\node patie 0\\node_modules\\mongoose\\node_modules\\mongodb\\lib\\cmap\\connection_pool.js:350:13\n    at handleOperationResult (C:\\Users\\HP\\Desktop\\SHADY_\\node patie 0\\node_modules\\mongoose\\node_modules\\mongodb\\lib\\core\\sdam\\server.js:558:5)\n    at MessageStream.messageHandler (C:\\Users\\HP\\Desktop\\SHADY_\\node patie 0\\node_modules\\mongoose\\node_modules\\mongodb\\lib\\cmap\\connection.js:277:5)\n    at MessageStream.emit (events.js:315:20)\n    at processIncomingData (C:\\Users\\HP\\Desktop\\SHADY_\\node patie 0\\node_modules\\mongoose\\node_modules\\mongodb\\lib\\cmap\\message_stream.js:144:12)\n    at MessageStream._write (C:\\Users\\HP\\Desktop\\SHADY_\\node patie 0\\node_modules\\mongoose\\node_modules\\mongodb\\lib\\cmap\\message_stream.js:42:5)\n    at writeOrBuffer (internal/streams/writable.js:358:12)\n    at MessageStream.Writable.write (internal/streams/writable.js:303:10)\n    at Socket.ondata (internal/streams/readable.js:719:22)\n    at Socket.emit (events.js:315:20)\n    at addChunk (internal/streams/readable.js:309:12)\n    at readableAddChunk (internal/streams/readable.js:284:9)","driver":true,"name":"MongoError","index":0,"code":11000,"keyPattern":{"user.email":1},"keyValue":{"user.email":null},"level":"error","timestamp":"2021-08-05T13:16:36.485Z"}
{"level":"info","message":"Listening on port 3000...","timestamp":"2021-08-05T13:17:02.488Z"}
{"level":"info","message":"Connected to mongodb://localhost/helloParis...","timestamp":"2021-08-05T13:17:02.534Z"}
{"level":"info","message":"Listening on port 3000...","timestamp":"2021-08-05T13:17:08.096Z"}
{"level":"info","message":"Connected to mongodb://localhost/helloParis...","timestamp":"2021-08-05T13:17:08.182Z"}
{"level":"info","message":"Listening on port 3000...","timestamp":"2021-08-05T13:17:12.883Z"}
{"level":"info","message":"Connected to mongodb://localhost/helloParis...","timestamp":"2021-08-05T13:17:12.930Z"}
{"message":"E11000 duplicate key error collection: helloParis.voitures index: user.email_1 dup key: { user.email: null }","stack":"MongoError: E11000 duplicate key error collection: helloParis.voitures index: user.email_1 dup key: { user.email: null }\n    at Function.create (C:\\Users\\HP\\Desktop\\SHADY_\\node patie 0\\node_modules\\mongoose\\node_modules\\mongodb\\lib\\core\\error.js:57:12)\n    at toError (C:\\Users\\HP\\Desktop\\SHADY_\\node patie 0\\node_modules\\mongoose\\node_modules\\mongodb\\lib\\utils.js:123:22)\n    at C:\\Users\\HP\\Desktop\\SHADY_\\node patie 0\\node_modules\\mongoose\\node_modules\\mongodb\\lib\\operations\\common_functions.js:258:39\n    at handler (C:\\Users\\HP\\Desktop\\SHADY_\\node patie 0\\node_modules\\mongoose\\node_modules\\mongodb\\lib\\core\\sdam\\topology.js:944:24)\n    at C:\\Users\\HP\\Desktop\\SHADY_\\node patie 0\\node_modules\\mongoose\\node_modules\\mongodb\\lib\\cmap\\connection_pool.js:350:13\n    at handleOperationResult (C:\\Users\\HP\\Desktop\\SHADY_\\node patie 0\\node_modules\\mongoose\\node_modules\\mongodb\\lib\\core\\sdam\\server.js:558:5)\n    at MessageStream.messageHandler (C:\\Users\\HP\\Desktop\\SHADY_\\node patie 0\\node_modules\\mongoose\\node_modules\\mongodb\\lib\\cmap\\connection.js:277:5)\n    at MessageStream.emit (events.js:315:20)\n    at processIncomingData (C:\\Users\\HP\\Desktop\\SHADY_\\node patie 0\\node_modules\\mongoose\\node_modules\\mongodb\\lib\\cmap\\message_stream.js:144:12)\n    at MessageStream._write (C:\\Users\\HP\\Desktop\\SHADY_\\node patie 0\\node_modules\\mongoose\\node_modules\\mongodb\\lib\\cmap\\message_stream.js:42:5)\n    at writeOrBuffer (internal/streams/writable.js:358:12)\n    at MessageStream.Writable.write (internal/streams/writable.js:303:10)\n    at Socket.ondata (internal/streams/readable.js:719:22)\n    at Socket.emit (events.js:315:20)\n    at addChunk (internal/streams/readable.js:309:12)\n    at readableAddChunk (internal/streams/readable.js:284:9)","driver":true,"name":"MongoError","index":0,"code":11000,"keyPattern":{"user.email":1},"keyValue":{"user.email":null},"level":"error","timestamp":"2021-08-05T13:18:40.857Z"}
{"level":"info","message":"Listening on port 3000...","timestamp":"2021-08-05T13:19:40.538Z"}
{"level":"info","message":"Connected to mongodb://localhost/helloParis...","timestamp":"2021-08-05T13:19:40.565Z"}
{"level":"info","message":"Listening on port 3000...","timestamp":"2021-08-05T13:19:50.197Z"}
{"level":"info","message":"Connected to mongodb://localhost/helloParis...","timestamp":"2021-08-05T13:19:50.248Z"}
{"message":"E11000 duplicate key error collection: helloParis.voitures index: user.email_1 dup key: { user.email: null }","stack":"MongoError: E11000 duplicate key error collection: helloParis.voitures index: user.email_1 dup key: { user.email: null }\n    at Function.create (C:\\Users\\HP\\Desktop\\SHADY_\\node patie 0\\node_modules\\mongoose\\node_modules\\mongodb\\lib\\core\\error.js:57:12)\n    at toError (C:\\Users\\HP\\Desktop\\SHADY_\\node patie 0\\node_modules\\mongoose\\node_modules\\mongodb\\lib\\utils.js:123:22)\n    at C:\\Users\\HP\\Desktop\\SHADY_\\node patie 0\\node_modules\\mongoose\\node_modules\\mongodb\\lib\\operations\\common_functions.js:258:39\n    at handler (C:\\Users\\HP\\Desktop\\SHADY_\\node patie 0\\node_modules\\mongoose\\node_modules\\mongodb\\lib\\core\\sdam\\topology.js:944:24)\n    at C:\\Users\\HP\\Desktop\\SHADY_\\node patie 0\\node_modules\\mongoose\\node_modules\\mongodb\\lib\\cmap\\connection_pool.js:350:13\n    at handleOperationResult (C:\\Users\\HP\\Desktop\\SHADY_\\node patie 0\\node_modules\\mongoose\\node_modules\\mongodb\\lib\\core\\sdam\\server.js:558:5)\n    at MessageStream.messageHandler (C:\\Users\\HP\\Desktop\\SHADY_\\node patie 0\\node_modules\\mongoose\\node_modules\\mongodb\\lib\\cmap\\connection.js:277:5)\n    at MessageStream.emit (events.js:315:20)\n    at processIncomingData (C:\\Users\\HP\\Desktop\\SHADY_\\node patie 0\\node_modules\\mongoose\\node_modules\\mongodb\\lib\\cmap\\message_stream.js:144:12)\n    at MessageStream._write (C:\\Users\\HP\\Desktop\\SHADY_\\node patie 0\\node_modules\\mongoose\\node_modules\\mongodb\\lib\\cmap\\message_stream.js:42:5)\n    at writeOrBuffer (internal/streams/writable.js:358:12)\n    at MessageStream.Writable.write (internal/streams/writable.js:303:10)\n    at Socket.ondata (internal/streams/readable.js:719:22)\n    at Socket.emit (events.js:315:20)\n    at addChunk (internal/streams/readable.js:309:12)\n    at readableAddChunk (internal/streams/readable.js:284:9)","driver":true,"name":"MongoError","index":0,"code":11000,"keyPattern":{"user.email":1},"keyValue":{"user.email":null},"level":"error","timestamp":"2021-08-05T13:19:52.362Z"}
{"level":"info","message":"Listening on port 3000...","timestamp":"2021-08-05T13:20:11.440Z"}
{"level":"info","message":"Connected to mongodb://localhost/helloParis...","timestamp":"2021-08-05T13:20:11.509Z"}
{"message":"E11000 duplicate key error collection: helloParis.voitures index: user.email_1 dup key: { user.email: null }","stack":"MongoError: E11000 duplicate key error collection: helloParis.voitures index: user.email_1 dup key: { user.email: null }\n    at Function.create (C:\\Users\\HP\\Desktop\\SHADY_\\node patie 0\\node_modules\\mongoose\\node_modules\\mongodb\\lib\\core\\error.js:57:12)\n    at toError (C:\\Users\\HP\\Desktop\\SHADY_\\node patie 0\\node_modules\\mongoose\\node_modules\\mongodb\\lib\\utils.js:123:22)\n    at C:\\Users\\HP\\Desktop\\SHADY_\\node patie 0\\node_modules\\mongoose\\node_modules\\mongodb\\lib\\operations\\common_functions.js:258:39\n    at handler (C:\\Users\\HP\\Desktop\\SHADY_\\node patie 0\\node_modules\\mongoose\\node_modules\\mongodb\\lib\\core\\sdam\\topology.js:944:24)\n    at C:\\Users\\HP\\Desktop\\SHADY_\\node patie 0\\node_modules\\mongoose\\node_modules\\mongodb\\lib\\cmap\\connection_pool.js:350:13\n    at handleOperationResult (C:\\Users\\HP\\Desktop\\SHADY_\\node patie 0\\node_modules\\mongoose\\node_modules\\mongodb\\lib\\core\\sdam\\server.js:558:5)\n    at MessageStream.messageHandler (C:\\Users\\HP\\Desktop\\SHADY_\\node patie 0\\node_modules\\mongoose\\node_modules\\mongodb\\lib\\cmap\\connection.js:277:5)\n    at MessageStream.emit (events.js:315:20)\n    at processIncomingData (C:\\Users\\HP\\Desktop\\SHADY_\\node patie 0\\node_modules\\mongoose\\node_modules\\mongodb\\lib\\cmap\\message_stream.js:144:12)\n    at MessageStream._write (C:\\Users\\HP\\Desktop\\SHADY_\\node patie 0\\node_modules\\mongoose\\node_modules\\mongodb\\lib\\cmap\\message_stream.js:42:5)\n    at writeOrBuffer (internal/streams/writable.js:358:12)\n    at MessageStream.Writable.write (internal/streams/writable.js:303:10)\n    at Socket.ondata (internal/streams/readable.js:719:22)\n    at Socket.emit (events.js:315:20)\n    at addChunk (internal/streams/readable.js:309:12)\n    at readableAddChunk (internal/streams/readable.js:284:9)","driver":true,"name":"MongoError","index":0,"code":11000,"keyPattern":{"user.email":1},"keyValue":{"user.email":null},"level":"error","timestamp":"2021-08-05T13:20:12.198Z"}
{"level":"info","message":"Listening on port 3000...","timestamp":"2021-08-05T13:28:49.034Z"}
{"level":"info","message":"Connected to mongodb://localhost/helloParis...","timestamp":"2021-08-05T13:28:49.077Z"}
{"message":"User is not defined","stack":"ReferenceError: User is not defined\n    at C:\\Users\\HP\\Desktop\\SHADY_\\node patie 0\\routes\\voiture.js:52:25\n    at processTicksAndRejections (internal/process/task_queues.js:93:5)\n    at async C:\\Users\\HP\\Desktop\\SHADY_\\node patie 0\\middleware\\async.js:4:9","level":"error","timestamp":"2021-08-05T13:29:04.362Z"}
{"level":"info","message":"Listening on port 3000...","timestamp":"2021-08-05T13:30:25.592Z"}
{"level":"info","message":"Connected to mongodb://localhost/helloParis...","timestamp":"2021-08-05T13:30:25.673Z"}
{"level":"info","message":"Listening on port 3000...","timestamp":"2021-08-05T13:31:57.605Z"}
{"level":"info","message":"Connected to mongodb://localhost/helloParis...","timestamp":"2021-08-05T13:31:57.646Z"}
{"level":"info","message":"Listening on port 3000...","timestamp":"2021-08-05T13:32:04.028Z"}
{"level":"info","message":"Connected to mongodb://localhost/helloParis...","timestamp":"2021-08-05T13:32:04.087Z"}
{"level":"info","message":"Listening on port 3000...","timestamp":"2021-08-05T13:33:06.443Z"}
{"level":"info","message":"Connected to mongodb://localhost/helloParis...","timestamp":"2021-08-05T13:33:06.490Z"}
{"level":"info","message":"Listening on port 3000...","timestamp":"2021-08-05T13:33:50.744Z"}
{"level":"info","message":"Connected to mongodb://localhost/helloParis...","timestamp":"2021-08-05T13:33:50.790Z"}
{"level":"info","message":"Listening on port 3000...","timestamp":"2021-08-05T13:35:14.613Z"}
{"level":"info","message":"Connected to mongodb://localhost/helloParis...","timestamp":"2021-08-05T13:35:14.655Z"}
